INFO	2020-11-04 01:45:14	MarkDuplicates	

********** NOTE: Picard's command line syntax is changing.
**********
********** For more information, please see:
********** https://github.com/broadinstitute/picard/wiki/Command-Line-Syntax-Transition-For-Users-(Pre-Transition)
**********
********** The command line looks like this in the new syntax:
**********
**********    MarkDuplicates -CREATE_INDEX true -I result/alignment/sonpaired_S3.bam -O result/mark_duplicates/sonpaired_S3.bam -M result/mark_duplicates/sonpaired_S3_metrics.txt
**********


01:45:14.653 INFO  NativeLibraryLoader - Loading libgkl_compression.so from jar:file:/software/picard-2.20.3/picard.jar!/com/intel/gkl/native/libgkl_compression.so
[Wed Nov 04 01:45:14 IST 2020] MarkDuplicates INPUT=[result/alignment/sonpaired_S3.bam] OUTPUT=result/mark_duplicates/sonpaired_S3.bam METRICS_FILE=result/mark_duplicates/sonpaired_S3_metrics.txt CREATE_INDEX=true    MAX_SEQUENCES_FOR_DISK_READ_ENDS_MAP=50000 MAX_FILE_HANDLES_FOR_READ_ENDS_MAP=8000 SORTING_COLLECTION_SIZE_RATIO=0.25 TAG_DUPLICATE_SET_MEMBERS=false REMOVE_SEQUENCING_DUPLICATES=false TAGGING_POLICY=DontTag CLEAR_DT=true DUPLEX_UMI=false ADD_PG_TAG_TO_READS=true REMOVE_DUPLICATES=false ASSUME_SORTED=false DUPLICATE_SCORING_STRATEGY=SUM_OF_BASE_QUALITIES PROGRAM_RECORD_ID=MarkDuplicates PROGRAM_GROUP_NAME=MarkDuplicates READ_NAME_REGEX=<optimized capture of last three ':' separated fields as numeric values> OPTICAL_DUPLICATE_PIXEL_DISTANCE=100 MAX_OPTICAL_DUPLICATE_SET_SIZE=300000 VERBOSITY=INFO QUIET=false VALIDATION_STRINGENCY=STRICT COMPRESSION_LEVEL=5 MAX_RECORDS_IN_RAM=500000 CREATE_MD5_FILE=false GA4GH_CLIENT_SECRETS=client_secrets.json USE_JDK_DEFLATER=false USE_JDK_INFLATER=false
[Wed Nov 04 01:45:14 IST 2020] Executing as safal@headnode.public on Linux 3.10.0-693.5.2.el7.x86_64 amd64; OpenJDK 64-Bit Server VM 1.8.0_265-b11; Deflater: Intel; Inflater: Intel; Provider GCS is not available; Picard version: 2.20.3-SNAPSHOT
INFO	2020-11-04 01:45:14	MarkDuplicates	Start of doWork freeMemory: 2036335512; totalMemory: 2058354688; maxMemory: 47722266624
INFO	2020-11-04 01:45:14	MarkDuplicates	Reading input file and constructing read end information.
INFO	2020-11-04 01:45:14	MarkDuplicates	Will retain up to 172906763 data points before spilling to disk.
INFO	2020-11-04 01:45:15	MarkDuplicates	Read 641 records. 0 pairs never matched.
INFO	2020-11-04 01:45:17	MarkDuplicates	After buildSortedReadEndLists freeMemory: 658670312; totalMemory: 3441950720; maxMemory: 47722266624
INFO	2020-11-04 01:45:17	MarkDuplicates	Will retain up to 1491320832 duplicate indices before spilling to disk.
INFO	2020-11-04 01:45:23	MarkDuplicates	Traversing read pair information and detecting duplicates.
INFO	2020-11-04 01:45:23	MarkDuplicates	Traversing fragment information and detecting duplicates.
INFO	2020-11-04 01:45:23	MarkDuplicates	Sorting list of duplicate records.
INFO	2020-11-04 01:45:26	MarkDuplicates	After generateDuplicateIndexes freeMemory: 3425954520; totalMemory: 15372648448; maxMemory: 47722266624
INFO	2020-11-04 01:45:26	MarkDuplicates	Marking 4 records as duplicates.
INFO	2020-11-04 01:45:26	MarkDuplicates	Found 0 optical duplicate clusters.
INFO	2020-11-04 01:45:26	MarkDuplicates	Reads are assumed to be ordered by: coordinate
INFO	2020-11-04 01:45:27	MarkDuplicates	Before output close freeMemory: 15355184856; totalMemory: 15372648448; maxMemory: 47722266624
INFO	2020-11-04 01:45:27	MarkDuplicates	After output close freeMemory: 15355344840; totalMemory: 15372648448; maxMemory: 47722266624
[Wed Nov 04 01:45:27 IST 2020] picard.sam.markduplicates.MarkDuplicates done. Elapsed time: 0.21 minutes.
Runtime.totalMemory()=15372648448
