Building DAG of jobs...
Using shell: /usr/bin/bash
Provided cores: 64
Rules claiming more threads will be scaled down.
Job counts:
	count	jobs
	1	all
	2	apply_bqsr
	2	bqsr
	2	bwa_map
	2	depth
	2	fastqc
	2	haplotype_caller
	2	mark_dup
	2	samtools_index
	2	samtools_sort
	2	stats
	21

[Wed Nov  4 01:43:34 2020]
rule bwa_map:
    input: /userdata/safal/data/ref_genome/masked/GRCh38.p13.genome_masked.fa.amb, /userdata/safal/data/ref_genome/masked/GRCh38.p13.genome_masked.fa.ann, /userdata/safal/data/ref_genome/masked/GRCh38.p13.genome_masked.fa.bwt, /userdata/safal/data/ref_genome/masked/GRCh38.p13.genome_masked.fa.pac, /userdata/safal/data/ref_genome/masked/GRCh38.p13.genome_masked.fa.sa, /userdata/safal/tutorial/pipeline/files/motherpaired_S2_R1_001.fastq, /userdata/safal/tutorial/pipeline/files/motherpaired_S2_R2_001.fastq
    output: result/alignment/motherpaired_S2_mapped.bam
    log: logs/bwa_mem/motherpaired_S2.log
    jobid: 15
    wildcards: sample=motherpaired_S2
    threads: 28


[Wed Nov  4 01:43:34 2020]
rule fastqc:
    input: files/sonpaired_S3_R1_001.fastq, files/sonpaired_S3_R2_001.fastq
    output: result/fastqc/sonpaired_S3_R1_001_fastqc.html, result/fastqc/sonpaired_S3_R1_001_fastqc.zip, result/fastqc/sonpaired_S3_R2_001_fastqc.html, result/fastqc/sonpaired_S3_R2_001_fastqc.zip
    jobid: 2
    wildcards: sample=sonpaired_S3


[Wed Nov  4 01:43:34 2020]
rule fastqc:
    input: files/motherpaired_S2_R1_001.fastq, files/motherpaired_S2_R2_001.fastq
    output: result/fastqc/motherpaired_S2_R1_001_fastqc.html, result/fastqc/motherpaired_S2_R1_001_fastqc.zip, result/fastqc/motherpaired_S2_R2_001_fastqc.html, result/fastqc/motherpaired_S2_R2_001_fastqc.zip
    jobid: 1
    wildcards: sample=motherpaired_S2


[Wed Nov  4 01:43:34 2020]
rule bwa_map:
    input: /userdata/safal/data/ref_genome/masked/GRCh38.p13.genome_masked.fa.amb, /userdata/safal/data/ref_genome/masked/GRCh38.p13.genome_masked.fa.ann, /userdata/safal/data/ref_genome/masked/GRCh38.p13.genome_masked.fa.bwt, /userdata/safal/data/ref_genome/masked/GRCh38.p13.genome_masked.fa.pac, /userdata/safal/data/ref_genome/masked/GRCh38.p13.genome_masked.fa.sa, /userdata/safal/tutorial/pipeline/files/sonpaired_S3_R1_001.fastq, /userdata/safal/tutorial/pipeline/files/sonpaired_S3_R2_001.fastq
    output: result/alignment/sonpaired_S3_mapped.bam
    log: logs/bwa_mem/sonpaired_S3.log
    jobid: 17
    wildcards: sample=sonpaired_S3
    threads: 28

[Wed Nov  4 01:43:38 2020]
Finished job 17.
1 of 21 steps (5%) done

[Wed Nov  4 01:43:38 2020]
rule samtools_sort:
    input: result/alignment/sonpaired_S3_mapped.bam
    output: result/alignment/sonpaired_S3.bam
    log: logs/samtools_sort/sonpaired_S3.log
    jobid: 11
    wildcards: sample=sonpaired_S3
    threads: 4

Removing temporary output file result/alignment/sonpaired_S3_mapped.bam.
[Wed Nov  4 01:43:38 2020]
Finished job 11.
2 of 21 steps (10%) done

[Wed Nov  4 01:43:38 2020]
rule samtools_index:
    input: result/alignment/sonpaired_S3.bam
    output: result/alignment/sonpaired_S3.bam.bai
    log: logs/samtools_index/sonpaired_S3.log
    jobid: 18
    wildcards: sample=sonpaired_S3
    threads: 4


[Wed Nov  4 01:43:38 2020]
rule depth:
    input: result/alignment/sonpaired_S3.bam
    output: result/report/depth/sonpaired_S3.mosdepth.summary.txt
    jobid: 6
    wildcards: sample=sonpaired_S3
    threads: 4

[Wed Nov  4 01:43:38 2020]
Finished job 18.
3 of 21 steps (14%) done
RuleException in line 92 of /userdata/safal/tutorial/pipeline/new/Snakefile:
NameError: The name 'sample' is unknown in this context. Did you mean 'wildcards.sample'?
  File "/userdata/safal/Tools/miniconda3/envs/new/lib/python3.8/site-packages/snakemake/executors/__init__.py", line 111, in run_jobs
  File "/userdata/safal/Tools/miniconda3/envs/new/lib/python3.8/site-packages/snakemake/executors/__init__.py", line 402, in run
  File "/userdata/safal/Tools/miniconda3/envs/new/lib/python3.8/site-packages/snakemake/executors/__init__.py", line 203, in _run
  File "/userdata/safal/Tools/miniconda3/envs/new/lib/python3.8/site-packages/snakemake/executors/__init__.py", line 131, in _run
  File "/userdata/safal/Tools/miniconda3/envs/new/lib/python3.8/site-packages/snakemake/executors/__init__.py", line 137, in printjob
