Building DAG of jobs...
Using shell: /usr/bin/bash
Provided cores: 64
Rules claiming more threads will be scaled down.
Job counts:
	count	jobs
	1	all
	2	apply_bqsr
	2	bqsr
	2	bwa_map
	2	haplotype_caller
	2	mark_dup
	2	samtools_sort
	13

[Tue Nov  3 14:15:55 2020]
rule bwa_map:
    input: /userdata/safal/data/ref_genome/masked/GRCh38.p13.genome_masked.fa.amb, /userdata/safal/data/ref_genome/masked/GRCh38.p13.genome_masked.fa.ann, /userdata/safal/data/ref_genome/masked/GRCh38.p13.genome_masked.fa.bwt, /userdata/safal/data/ref_genome/masked/GRCh38.p13.genome_masked.fa.pac, /userdata/safal/data/ref_genome/masked/GRCh38.p13.genome_masked.fa.sa, /userdata/safal/tutorial/pipeline/files/motherpaired_S2_R1_001.fastq, /userdata/safal/tutorial/pipeline/files/motherpaired_S2_R2_001.fastq
    output: alignment/motherpaired_S2_mapped.bam
    log: logs/bwa_mem/motherpaired_S2.log
    jobid: 11
    wildcards: sample=motherpaired_S2
    threads: 28


[Tue Nov  3 14:15:55 2020]
rule bwa_map:
    input: /userdata/safal/data/ref_genome/masked/GRCh38.p13.genome_masked.fa.amb, /userdata/safal/data/ref_genome/masked/GRCh38.p13.genome_masked.fa.ann, /userdata/safal/data/ref_genome/masked/GRCh38.p13.genome_masked.fa.bwt, /userdata/safal/data/ref_genome/masked/GRCh38.p13.genome_masked.fa.pac, /userdata/safal/data/ref_genome/masked/GRCh38.p13.genome_masked.fa.sa, /userdata/safal/tutorial/pipeline/files/sonpaired_S3_R1_001.fastq, /userdata/safal/tutorial/pipeline/files/sonpaired_S3_R2_001.fastq
    output: alignment/sonpaired_S3_mapped.bam
    log: logs/bwa_mem/sonpaired_S3.log
    jobid: 12
    wildcards: sample=sonpaired_S3
    threads: 28

[Tue Nov  3 14:16:04 2020]
Finished job 12.
1 of 13 steps (8%) done

[Tue Nov  3 14:16:04 2020]
rule samtools_sort:
    input: alignment/sonpaired_S3_mapped.bam
    output: alignment/sonpaired_S3.bam
    log: logs/samtools_sort/sonpaired_S3.log
    jobid: 10
    wildcards: sample=sonpaired_S3
    threads: 4

Removing temporary output file alignment/sonpaired_S3_mapped.bam.
[Tue Nov  3 14:16:04 2020]
Finished job 10.
2 of 13 steps (15%) done

[Tue Nov  3 14:16:05 2020]
rule mark_dup:
    input: alignment/sonpaired_S3.bam
    output: mark_duplicates/sonpaired_S3.bam, mark_duplicates/sonpaired_S3_metrics.txt
    log: logs/mark_dup/sonpaired_S3.log
    jobid: 7
    wildcards: sample=sonpaired_S3

[Tue Nov  3 14:16:05 2020]
Finished job 11.
3 of 13 steps (23%) done

[Tue Nov  3 14:16:05 2020]
rule samtools_sort:
    input: alignment/motherpaired_S2_mapped.bam
    output: alignment/motherpaired_S2.bam
    log: logs/samtools_sort/motherpaired_S2.log
    jobid: 9
    wildcards: sample=motherpaired_S2
    threads: 4

Removing temporary output file alignment/motherpaired_S2_mapped.bam.
[Tue Nov  3 14:16:05 2020]
Finished job 9.
4 of 13 steps (31%) done

[Tue Nov  3 14:16:05 2020]
rule mark_dup:
    input: alignment/motherpaired_S2.bam
    output: mark_duplicates/motherpaired_S2.bam, mark_duplicates/motherpaired_S2_metrics.txt
    log: logs/mark_dup/motherpaired_S2.log
    jobid: 5
    wildcards: sample=motherpaired_S2

[Tue Nov  3 14:16:07 2020]
[Tue Nov  3 14:16:07 2020]
Error in rule mark_dup:
Error in rule mark_dup:
    jobid: 5
    jobid: 7
    output: mark_duplicates/motherpaired_S2.bam, mark_duplicates/motherpaired_S2_metrics.txt
    output: mark_duplicates/sonpaired_S3.bam, mark_duplicates/sonpaired_S3_metrics.txt
    log: logs/mark_dup/motherpaired_S2.log (check log file(s) for error message)
    log: logs/mark_dup/sonpaired_S3.log (check log file(s) for error message)
    shell:
        java -Xmx50g -Djava.io.tmpdir=tmp/motherpaired_S2 -jar /software/picard-2.20.3/picard.jar MarkDuplicates --CREATE_INDEX true I=alignment/motherpaired_S2.bam O=mark_duplicates/motherpaired_S2.bam M=mark_duplicates/motherpaired_S2_metrics.txt 2>logs/mark_dup/motherpaired_S2.log
        (one of the commands exited with non-zero exit code; note that snakemake uses bash strict mode!)
    shell:
        java -Xmx50g -Djava.io.tmpdir=tmp/sonpaired_S3 -jar /software/picard-2.20.3/picard.jar MarkDuplicates --CREATE_INDEX true I=alignment/sonpaired_S3.bam O=mark_duplicates/sonpaired_S3.bam M=mark_duplicates/sonpaired_S3_metrics.txt 2>logs/mark_dup/sonpaired_S3.log
        (one of the commands exited with non-zero exit code; note that snakemake uses bash strict mode!)


Shutting down, this might take some time.
Exiting because a job execution failed. Look above for error message
Complete log: /userdata/safal/tutorial/pipeline/new/.snakemake/log/2020-11-03T141554.152596.snakemake.log
