Building DAG of jobs...
Using shell: /usr/bin/bash
Provided cores: 64
Rules claiming more threads will be scaled down.
Job counts:
	count	jobs
	1	all
	2	apply_bqsr
	2	bqsr
	2	bwa_map
	2	haplotype_caller
	2	mark_dup
	2	samtools_sort
	13

[Tue Nov  3 14:20:27 2020]
rule bwa_map:
    input: /userdata/safal/data/ref_genome/masked/GRCh38.p13.genome_masked.fa.amb, /userdata/safal/data/ref_genome/masked/GRCh38.p13.genome_masked.fa.ann, /userdata/safal/data/ref_genome/masked/GRCh38.p13.genome_masked.fa.bwt, /userdata/safal/data/ref_genome/masked/GRCh38.p13.genome_masked.fa.pac, /userdata/safal/data/ref_genome/masked/GRCh38.p13.genome_masked.fa.sa, /userdata/safal/tutorial/pipeline/files/motherpaired_S2_R1_001.fastq, /userdata/safal/tutorial/pipeline/files/motherpaired_S2_R2_001.fastq
    output: alignment/motherpaired_S2_mapped.bam
    log: logs/bwa_mem/motherpaired_S2.log
    jobid: 11
    wildcards: sample=motherpaired_S2
    threads: 28


[Tue Nov  3 14:20:27 2020]
rule bwa_map:
    input: /userdata/safal/data/ref_genome/masked/GRCh38.p13.genome_masked.fa.amb, /userdata/safal/data/ref_genome/masked/GRCh38.p13.genome_masked.fa.ann, /userdata/safal/data/ref_genome/masked/GRCh38.p13.genome_masked.fa.bwt, /userdata/safal/data/ref_genome/masked/GRCh38.p13.genome_masked.fa.pac, /userdata/safal/data/ref_genome/masked/GRCh38.p13.genome_masked.fa.sa, /userdata/safal/tutorial/pipeline/files/sonpaired_S3_R1_001.fastq, /userdata/safal/tutorial/pipeline/files/sonpaired_S3_R2_001.fastq
    output: alignment/sonpaired_S3_mapped.bam
    log: logs/bwa_mem/sonpaired_S3.log
    jobid: 12
    wildcards: sample=sonpaired_S3
    threads: 28

[Tue Nov  3 14:20:30 2020]
Finished job 11.
1 of 13 steps (8%) done

[Tue Nov  3 14:20:30 2020]
rule samtools_sort:
    input: alignment/motherpaired_S2_mapped.bam
    output: alignment/motherpaired_S2.bam
    log: logs/samtools_sort/motherpaired_S2.log
    jobid: 9
    wildcards: sample=motherpaired_S2
    threads: 4

Removing temporary output file alignment/motherpaired_S2_mapped.bam.
[Tue Nov  3 14:20:30 2020]
Finished job 9.
2 of 13 steps (15%) done

[Tue Nov  3 14:20:30 2020]
rule mark_dup:
    input: alignment/motherpaired_S2.bam
    output: mark_duplicates/motherpaired_S2.bam, mark_duplicates/motherpaired_S2_metrics.txt
    log: logs/mark_dup/motherpaired_S2.log
    jobid: 5
    wildcards: sample=motherpaired_S2

[Tue Nov  3 14:20:31 2020]
Finished job 12.
3 of 13 steps (23%) done

[Tue Nov  3 14:20:31 2020]
rule samtools_sort:
    input: alignment/sonpaired_S3_mapped.bam
    output: alignment/sonpaired_S3.bam
    log: logs/samtools_sort/sonpaired_S3.log
    jobid: 10
    wildcards: sample=sonpaired_S3
    threads: 4

Removing temporary output file alignment/sonpaired_S3_mapped.bam.
[Tue Nov  3 14:20:31 2020]
Finished job 10.
4 of 13 steps (31%) done

[Tue Nov  3 14:20:31 2020]
rule mark_dup:
    input: alignment/sonpaired_S3.bam
    output: mark_duplicates/sonpaired_S3.bam, mark_duplicates/sonpaired_S3_metrics.txt
    log: logs/mark_dup/sonpaired_S3.log
    jobid: 7
    wildcards: sample=sonpaired_S3

[Tue Nov  3 14:20:45 2020]
Finished job 5.
5 of 13 steps (38%) done

[Tue Nov  3 14:20:45 2020]
rule bqsr:
    input: mark_duplicates/motherpaired_S2.bam, /userdata/safal/data/ref_genome/ref_dbsnp.vcf.idx, /userdata/safal/data/ref_genome/masked/GRCh38.p13.genome_masked.fa.amb, /userdata/safal/data/ref_genome/masked/GRCh38.p13.genome_masked.fa.ann, /userdata/safal/data/ref_genome/masked/GRCh38.p13.genome_masked.fa.bwt, /userdata/safal/data/ref_genome/masked/GRCh38.p13.genome_masked.fa.pac, /userdata/safal/data/ref_genome/masked/GRCh38.p13.genome_masked.fa.sa
    output: bqsr/motherpaired_S2_recal.table
    log: logs/bqsr/motherpaired_S2.log
    jobid: 6
    wildcards: sample=motherpaired_S2

[Tue Nov  3 14:20:48 2020]
Error in rule bqsr:
    jobid: 6
    output: bqsr/motherpaired_S2_recal.table
    log: logs/bqsr/motherpaired_S2.log (check log file(s) for error message)
    shell:
        /software/gatk-4.1.2.0/gatk --java-options '-Xmx50G' BaseRecalibrator -R /userdata/safal/data/ref_genome/masked/GRCh38.p13.genome_masked.fa --known-sites /userdata/safal/data/ref_genome/ref_dbsnp.vcf --tmp-dir tmp/bqsr -I mark_duplicates/motherpaired_S2.bam -O bqsr/motherpaired_S2_recal.table 2>logs/bqsr/motherpaired_S2.log
        (one of the commands exited with non-zero exit code; note that snakemake uses bash strict mode!)

[Tue Nov  3 14:20:49 2020]
Finished job 7.
6 of 13 steps (46%) done
Shutting down, this might take some time.
Exiting because a job execution failed. Look above for error message
Complete log: /userdata/safal/tutorial/pipeline/new/.snakemake/log/2020-11-03T142027.098952.snakemake.log
