Building DAG of jobs...
Using shell: /usr/bin/bash
Provided cores: 64
Rules claiming more threads will be scaled down.
Job counts:
	count	jobs
	1	all
	2	apply_bqsr
	2	bqsr
	2	bwa_map
	2	fastqc
	2	haplotype_caller
	2	mark_dup
	2	samtools_index
	2	samtools_sort
	2	stats
	19

[Wed Nov  4 01:18:39 2020]
rule fastqc:
    input: files/sonpaired_S3_R1_001.fastq, files/sonpaired_S3_R2_001.fastq
    output: result/fastqc/sonpaired_S3_R1_001_fastqc.html, result/fastqc/sonpaired_S3_R1_001_fastqc.zip, result/fastqc/sonpaired_S3_R2_001_fastqc.html, result/fastqc/sonpaired_S3_R2_001_fastqc.zip
    jobid: 2
    wildcards: sample=sonpaired_S3


[Wed Nov  4 01:18:39 2020]
rule fastqc:
    input: files/motherpaired_S2_R1_001.fastq, files/motherpaired_S2_R2_001.fastq
    output: result/fastqc/motherpaired_S2_R1_001_fastqc.html, result/fastqc/motherpaired_S2_R1_001_fastqc.zip, result/fastqc/motherpaired_S2_R2_001_fastqc.html, result/fastqc/motherpaired_S2_R2_001_fastqc.zip
    jobid: 1
    wildcards: sample=motherpaired_S2


[Wed Nov  4 01:18:39 2020]
rule bwa_map:
    input: /userdata/safal/data/ref_genome/masked/GRCh38.p13.genome_masked.fa.amb, /userdata/safal/data/ref_genome/masked/GRCh38.p13.genome_masked.fa.ann, /userdata/safal/data/ref_genome/masked/GRCh38.p13.genome_masked.fa.bwt, /userdata/safal/data/ref_genome/masked/GRCh38.p13.genome_masked.fa.pac, /userdata/safal/data/ref_genome/masked/GRCh38.p13.genome_masked.fa.sa, /userdata/safal/tutorial/pipeline/files/sonpaired_S3_R1_001.fastq, /userdata/safal/tutorial/pipeline/files/sonpaired_S3_R2_001.fastq
    output: result/alignment/sonpaired_S3_mapped.bam
    log: logs/bwa_mem/sonpaired_S3.log
    jobid: 15
    wildcards: sample=sonpaired_S3
    threads: 28


[Wed Nov  4 01:18:39 2020]
rule bwa_map:
    input: /userdata/safal/data/ref_genome/masked/GRCh38.p13.genome_masked.fa.amb, /userdata/safal/data/ref_genome/masked/GRCh38.p13.genome_masked.fa.ann, /userdata/safal/data/ref_genome/masked/GRCh38.p13.genome_masked.fa.bwt, /userdata/safal/data/ref_genome/masked/GRCh38.p13.genome_masked.fa.pac, /userdata/safal/data/ref_genome/masked/GRCh38.p13.genome_masked.fa.sa, /userdata/safal/tutorial/pipeline/files/motherpaired_S2_R1_001.fastq, /userdata/safal/tutorial/pipeline/files/motherpaired_S2_R2_001.fastq
    output: result/alignment/motherpaired_S2_mapped.bam
    log: logs/bwa_mem/motherpaired_S2.log
    jobid: 13
    wildcards: sample=motherpaired_S2
    threads: 28

[Wed Nov  4 01:18:43 2020]
Finished job 15.
1 of 19 steps (5%) done

[Wed Nov  4 01:18:43 2020]
rule samtools_sort:
    input: result/alignment/sonpaired_S3_mapped.bam
    output: result/alignment/sonpaired_S3.bam
    log: logs/samtools_sort/sonpaired_S3.log
    jobid: 9
    wildcards: sample=sonpaired_S3
    threads: 4

Removing temporary output file result/alignment/sonpaired_S3_mapped.bam.
[Wed Nov  4 01:18:43 2020]
Finished job 9.
2 of 19 steps (11%) done

[Wed Nov  4 01:18:43 2020]
rule samtools_index:
    input: result/alignment/sonpaired_S3.bam
    output: result/alignment/sonpaired_S3.bam.bai
    log: logs/samtools_index/sonpaired_S3.log
    jobid: 16
    wildcards: sample=sonpaired_S3
    threads: 4

[Wed Nov  4 01:18:43 2020]
Finished job 16.
3 of 19 steps (16%) done

[Wed Nov  4 01:18:43 2020]
rule mark_dup:
    input: result/alignment/sonpaired_S3.bam, result/alignment/sonpaired_S3.bam.bai
    output: result/mark_duplicates/sonpaired_S3.bam, result/mark_duplicates/sonpaired_S3_metrics.txt
    log: logs/mark_dup/sonpaired_S3.log
    jobid: 10
    wildcards: sample=sonpaired_S3

[Wed Nov  4 01:18:43 2020]
Finished job 13.
4 of 19 steps (21%) done

[Wed Nov  4 01:18:43 2020]
rule samtools_sort:
    input: result/alignment/motherpaired_S2_mapped.bam
    output: result/alignment/motherpaired_S2.bam
    log: logs/samtools_sort/motherpaired_S2.log
    jobid: 7
    wildcards: sample=motherpaired_S2
    threads: 4

Removing temporary output file result/alignment/motherpaired_S2_mapped.bam.
[Wed Nov  4 01:18:43 2020]
Finished job 7.
5 of 19 steps (26%) done

[Wed Nov  4 01:18:43 2020]
rule samtools_index:
    input: result/alignment/motherpaired_S2.bam
    output: result/alignment/motherpaired_S2.bam.bai
    log: logs/samtools_index/motherpaired_S2.log
    jobid: 14
    wildcards: sample=motherpaired_S2
    threads: 4

[Wed Nov  4 01:18:43 2020]
Finished job 14.
6 of 19 steps (32%) done

[Wed Nov  4 01:18:43 2020]
rule mark_dup:
    input: result/alignment/motherpaired_S2.bam, result/alignment/motherpaired_S2.bam.bai
    output: result/mark_duplicates/motherpaired_S2.bam, result/mark_duplicates/motherpaired_S2_metrics.txt
    log: logs/mark_dup/motherpaired_S2.log
    jobid: 8
    wildcards: sample=motherpaired_S2

[Wed Nov  4 01:18:44 2020]
Finished job 2.
7 of 19 steps (37%) done
[Wed Nov  4 01:18:46 2020]
Finished job 1.
8 of 19 steps (42%) done
[Wed Nov  4 01:19:00 2020]
Finished job 10.
9 of 19 steps (47%) done

[Wed Nov  4 01:19:00 2020]
rule stats:
    input: result/alignment/sonpaired_S3.bam, result/mark_duplicates/sonpaired_S3.bam
    output: result/report/stats/sonpaired_S3_align.txt, result/report/stats/sonpaired_S3_markdup.txt
    jobid: 4
    wildcards: sample=sonpaired_S3
    threads: 4


[Wed Nov  4 01:19:00 2020]
rule bqsr:
    input: result/mark_duplicates/sonpaired_S3.bam, /userdata/safal/data/ref_genome/ref_dbsnp.vcf.idx, /userdata/safal/data/ref_genome/masked/GRCh38.p13.genome_masked.fa.amb, /userdata/safal/data/ref_genome/masked/GRCh38.p13.genome_masked.fa.ann, /userdata/safal/data/ref_genome/masked/GRCh38.p13.genome_masked.fa.bwt, /userdata/safal/data/ref_genome/masked/GRCh38.p13.genome_masked.fa.pac, /userdata/safal/data/ref_genome/masked/GRCh38.p13.genome_masked.fa.sa
    output: result/bqsr/sonpaired_S3_recal.table
    log: logs/bqsr/sonpaired_S3.log
    jobid: 18
    wildcards: sample=sonpaired_S3

[Wed Nov  4 01:19:00 2020]
Finished job 4.
10 of 19 steps (53%) done
[Wed Nov  4 01:19:00 2020]
Finished job 8.
11 of 19 steps (58%) done

[Wed Nov  4 01:19:00 2020]
rule bqsr:
    input: result/mark_duplicates/motherpaired_S2.bam, /userdata/safal/data/ref_genome/ref_dbsnp.vcf.idx, /userdata/safal/data/ref_genome/masked/GRCh38.p13.genome_masked.fa.amb, /userdata/safal/data/ref_genome/masked/GRCh38.p13.genome_masked.fa.ann, /userdata/safal/data/ref_genome/masked/GRCh38.p13.genome_masked.fa.bwt, /userdata/safal/data/ref_genome/masked/GRCh38.p13.genome_masked.fa.pac, /userdata/safal/data/ref_genome/masked/GRCh38.p13.genome_masked.fa.sa
    output: result/bqsr/motherpaired_S2_recal.table
    log: logs/bqsr/motherpaired_S2.log
    jobid: 17
    wildcards: sample=motherpaired_S2


[Wed Nov  4 01:19:00 2020]
rule stats:
    input: result/alignment/motherpaired_S2.bam, result/mark_duplicates/motherpaired_S2.bam
    output: result/report/stats/motherpaired_S2_align.txt, result/report/stats/motherpaired_S2_markdup.txt
    jobid: 3
    wildcards: sample=motherpaired_S2
    threads: 4

[Wed Nov  4 01:19:00 2020]
Finished job 3.
12 of 19 steps (63%) done
[Wed Nov  4 01:19:05 2020]
Finished job 18.
13 of 19 steps (68%) done

[Wed Nov  4 01:19:05 2020]
rule apply_bqsr:
    input: /userdata/safal/data/ref_genome/masked/GRCh38.p13.genome_masked.fa.amb, /userdata/safal/data/ref_genome/masked/GRCh38.p13.genome_masked.fa.ann, /userdata/safal/data/ref_genome/masked/GRCh38.p13.genome_masked.fa.bwt, /userdata/safal/data/ref_genome/masked/GRCh38.p13.genome_masked.fa.pac, /userdata/safal/data/ref_genome/masked/GRCh38.p13.genome_masked.fa.sa, result/mark_duplicates/sonpaired_S3.bam, result/bqsr/sonpaired_S3_recal.table
    output: result/bqsr/sonpaired_S3_bqsr_output.bam
    log: logs/apply_bqsr/sonpaired_S3.log
    jobid: 12
    wildcards: sample=sonpaired_S3

[Wed Nov  4 01:19:05 2020]
Finished job 17.
14 of 19 steps (74%) done

[Wed Nov  4 01:19:05 2020]
rule apply_bqsr:
    input: /userdata/safal/data/ref_genome/masked/GRCh38.p13.genome_masked.fa.amb, /userdata/safal/data/ref_genome/masked/GRCh38.p13.genome_masked.fa.ann, /userdata/safal/data/ref_genome/masked/GRCh38.p13.genome_masked.fa.bwt, /userdata/safal/data/ref_genome/masked/GRCh38.p13.genome_masked.fa.pac, /userdata/safal/data/ref_genome/masked/GRCh38.p13.genome_masked.fa.sa, result/mark_duplicates/motherpaired_S2.bam, result/bqsr/motherpaired_S2_recal.table
    output: result/bqsr/motherpaired_S2_bqsr_output.bam
    log: logs/apply_bqsr/motherpaired_S2.log
    jobid: 11
    wildcards: sample=motherpaired_S2

[Wed Nov  4 01:19:09 2020]
Finished job 12.
15 of 19 steps (79%) done

[Wed Nov  4 01:19:09 2020]
rule haplotype_caller:
    input: /userdata/safal/data/ref_genome/masked/GRCh38.p13.genome_masked.fa.amb, /userdata/safal/data/ref_genome/masked/GRCh38.p13.genome_masked.fa.ann, /userdata/safal/data/ref_genome/masked/GRCh38.p13.genome_masked.fa.bwt, /userdata/safal/data/ref_genome/masked/GRCh38.p13.genome_masked.fa.pac, /userdata/safal/data/ref_genome/masked/GRCh38.p13.genome_masked.fa.sa, result/bqsr/sonpaired_S3_bqsr_output.bam, /userdata/safal/sample_SR/interval.bed
    output: result/variant/sonpaired_S3_autosomes.g.vcf.gz
    log: logs/haplotype_caller/sonpaired_S3.log
    jobid: 6
    wildcards: sample=sonpaired_S3

[Wed Nov  4 01:19:10 2020]
Finished job 11.
16 of 19 steps (84%) done

[Wed Nov  4 01:19:10 2020]
rule haplotype_caller:
    input: /userdata/safal/data/ref_genome/masked/GRCh38.p13.genome_masked.fa.amb, /userdata/safal/data/ref_genome/masked/GRCh38.p13.genome_masked.fa.ann, /userdata/safal/data/ref_genome/masked/GRCh38.p13.genome_masked.fa.bwt, /userdata/safal/data/ref_genome/masked/GRCh38.p13.genome_masked.fa.pac, /userdata/safal/data/ref_genome/masked/GRCh38.p13.genome_masked.fa.sa, result/bqsr/motherpaired_S2_bqsr_output.bam, /userdata/safal/sample_SR/interval.bed
    output: result/variant/motherpaired_S2_autosomes.g.vcf.gz
    log: logs/haplotype_caller/motherpaired_S2.log
    jobid: 5
    wildcards: sample=motherpaired_S2

Will exit after finishing currently running jobs.
[Wed Nov  4 02:20:59 2020]
Error in rule haplotype_caller:
    jobid: 6
    output: result/variant/sonpaired_S3_autosomes.g.vcf.gz
    log: logs/haplotype_caller/sonpaired_S3.log (check log file(s) for error message)
[Wed Nov  4 02:21:00 2020]
    shell:
        /software/gatk-4.1.2.0/gatk HaplotypeCaller -R /userdata/safal/data/ref_genome/masked/GRCh38.p13.genome_masked.fa -L /userdata/safal/sample_SR/interval.bed -I result/bqsr/sonpaired_S3_bqsr_output.bam -O result/variant/sonpaired_S3_autosomes.g.vcf.gz -ERC GVCF 2>logs/haplotype_caller/sonpaired_S3.log
        (one of the commands exited with non-zero exit code; note that snakemake uses bash strict mode!)
Error in rule haplotype_caller:

    jobid: 5
Removing output files of failed job haplotype_caller since they might be corrupted:
result/variant/sonpaired_S3_autosomes.g.vcf.gz
    output: result/variant/motherpaired_S2_autosomes.g.vcf.gz
    log: logs/haplotype_caller/motherpaired_S2.log (check log file(s) for error message)
    shell:
        /software/gatk-4.1.2.0/gatk HaplotypeCaller -R /userdata/safal/data/ref_genome/masked/GRCh38.p13.genome_masked.fa -L /userdata/safal/sample_SR/interval.bed -I result/bqsr/motherpaired_S2_bqsr_output.bam -O result/variant/motherpaired_S2_autosomes.g.vcf.gz -ERC GVCF 2>logs/haplotype_caller/motherpaired_S2.log
        (one of the commands exited with non-zero exit code; note that snakemake uses bash strict mode!)

Will exit after finishing currently running jobs.
Shutting down, this might take some time.
Complete log: /userdata/safal/tutorial/pipeline/new/.snakemake/log/2020-11-04T011839.084441.snakemake.log
