Building DAG of jobs...
Using shell: /usr/bin/bash
Provided cores: 64
Rules claiming more threads will be scaled down.
Job counts:
	count	jobs
	1	all
	2	apply_bqsr
	2	bqsr
	2	bwa_map
	2	depth
	2	fastqc
	2	haplotype_caller
	2	mark_dup
	2	samtools_index
	2	samtools_sort
	2	stats
	21

[Wed Nov  4 01:05:39 2020]
rule bwa_map:
    input: /userdata/safal/data/ref_genome/masked/GRCh38.p13.genome_masked.fa.amb, /userdata/safal/data/ref_genome/masked/GRCh38.p13.genome_masked.fa.ann, /userdata/safal/data/ref_genome/masked/GRCh38.p13.genome_masked.fa.bwt, /userdata/safal/data/ref_genome/masked/GRCh38.p13.genome_masked.fa.pac, /userdata/safal/data/ref_genome/masked/GRCh38.p13.genome_masked.fa.sa, /userdata/safal/tutorial/pipeline/files/motherpaired_S2_R1_001.fastq, /userdata/safal/tutorial/pipeline/files/motherpaired_S2_R2_001.fastq
    output: result/alignment/motherpaired_S2_mapped.bam
    log: logs/bwa_mem/motherpaired_S2.log
    jobid: 15
    wildcards: sample=motherpaired_S2
    threads: 28


[Wed Nov  4 01:05:39 2020]
rule fastqc:
    input: files/sonpaired_S3_R1_001.fastq, files/sonpaired_S3_R2_001.fastq
    output: result/fastqc/sonpaired_S3_R1_001_fastqc.html, result/fastqc/sonpaired_S3_R1_001_fastqc.zip, result/fastqc/sonpaired_S3_R2_001_fastqc.html, result/fastqc/sonpaired_S3_R2_001_fastqc.zip
    jobid: 2
    wildcards: sample=sonpaired_S3


[Wed Nov  4 01:05:39 2020]
rule fastqc:
    input: files/motherpaired_S2_R1_001.fastq, files/motherpaired_S2_R2_001.fastq
    output: result/fastqc/motherpaired_S2_R1_001_fastqc.html, result/fastqc/motherpaired_S2_R1_001_fastqc.zip, result/fastqc/motherpaired_S2_R2_001_fastqc.html, result/fastqc/motherpaired_S2_R2_001_fastqc.zip
    jobid: 1
    wildcards: sample=motherpaired_S2


[Wed Nov  4 01:05:39 2020]
rule bwa_map:
    input: /userdata/safal/data/ref_genome/masked/GRCh38.p13.genome_masked.fa.amb, /userdata/safal/data/ref_genome/masked/GRCh38.p13.genome_masked.fa.ann, /userdata/safal/data/ref_genome/masked/GRCh38.p13.genome_masked.fa.bwt, /userdata/safal/data/ref_genome/masked/GRCh38.p13.genome_masked.fa.pac, /userdata/safal/data/ref_genome/masked/GRCh38.p13.genome_masked.fa.sa, /userdata/safal/tutorial/pipeline/files/sonpaired_S3_R1_001.fastq, /userdata/safal/tutorial/pipeline/files/sonpaired_S3_R2_001.fastq
    output: result/alignment/sonpaired_S3_mapped.bam
    log: logs/bwa_mem/sonpaired_S3.log
    jobid: 17
    wildcards: sample=sonpaired_S3
    threads: 28

[Wed Nov  4 01:05:39 2020]
Error in rule fastqc:
    jobid: 2
    output: result/fastqc/sonpaired_S3_R1_001_fastqc.html, result/fastqc/sonpaired_S3_R1_001_fastqc.zip, result/fastqc/sonpaired_S3_R2_001_fastqc.html, result/fastqc/sonpaired_S3_R2_001_fastqc.zip
    shell:
        fastqc -o fastqc files/sonpaired_S3_R1_001.fastq files/sonpaired_S3_R2_001.fastq
        (one of the commands exited with non-zero exit code; note that snakemake uses bash strict mode!)

[Wed Nov  4 01:05:39 2020]
Error in rule fastqc:
    jobid: 1
    output: result/fastqc/motherpaired_S2_R1_001_fastqc.html, result/fastqc/motherpaired_S2_R1_001_fastqc.zip, result/fastqc/motherpaired_S2_R2_001_fastqc.html, result/fastqc/motherpaired_S2_R2_001_fastqc.zip
    shell:
        fastqc -o fastqc files/motherpaired_S2_R1_001.fastq files/motherpaired_S2_R2_001.fastq
        (one of the commands exited with non-zero exit code; note that snakemake uses bash strict mode!)

[Wed Nov  4 01:05:42 2020]
Finished job 15.
1 of 21 steps (5%) done
[Wed Nov  4 01:05:42 2020]
Finished job 17.
2 of 21 steps (10%) done
Shutting down, this might take some time.
Exiting because a job execution failed. Look above for error message
Complete log: /userdata/safal/tutorial/pipeline/new/.snakemake/log/2020-11-04T010538.893014.snakemake.log
