Building DAG of jobs...
Using shell: /usr/bin/bash
Provided cores: 64
Rules claiming more threads will be scaled down.
Job counts:
	count	jobs
	1	all
	2	apply_bqsr
	2	bqsr
	2	bwa_map
	2	depth
	2	fastqc
	2	haplotype_caller
	2	mark_dup
	2	samtools_index
	2	samtools_sort
	2	stats
	21

[Thu Nov  5 12:00:14 2020]
rule bwa_map:
    input: /userdata/safal/data/ref_genome/masked/GRCh38.p13.genome_masked.fa.amb, /userdata/safal/data/ref_genome/masked/GRCh38.p13.genome_masked.fa.ann, /userdata/safal/data/ref_genome/masked/GRCh38.p13.genome_masked.fa.bwt, /userdata/safal/data/ref_genome/masked/GRCh38.p13.genome_masked.fa.pac, /userdata/safal/data/ref_genome/masked/GRCh38.p13.genome_masked.fa.sa, /userdata/safal/tutorial/pipeline/files/motherpaired_S2_R1_001.fastq, /userdata/safal/tutorial/pipeline/files/motherpaired_S2_R2_001.fastq
    output: result/alignment/motherpaired_S2_mapped.bam
    log: logs/bwa_mem/motherpaired_S2.log
    jobid: 15
    wildcards: sample=motherpaired_S2
    threads: 28


[Thu Nov  5 12:00:14 2020]
rule fastqc:
    input: files/sonpaired_S3_R1_001.fastq, files/sonpaired_S3_R2_001.fastq
    output: result/fastqc/sonpaired_S3_R1_001_fastqc.html, result/fastqc/sonpaired_S3_R1_001_fastqc.zip, result/fastqc/sonpaired_S3_R2_001_fastqc.html, result/fastqc/sonpaired_S3_R2_001_fastqc.zip
    jobid: 2
    wildcards: sample=sonpaired_S3


[Thu Nov  5 12:00:14 2020]
rule fastqc:
    input: files/motherpaired_S2_R1_001.fastq, files/motherpaired_S2_R2_001.fastq
    output: result/fastqc/motherpaired_S2_R1_001_fastqc.html, result/fastqc/motherpaired_S2_R1_001_fastqc.zip, result/fastqc/motherpaired_S2_R2_001_fastqc.html, result/fastqc/motherpaired_S2_R2_001_fastqc.zip
    jobid: 1
    wildcards: sample=motherpaired_S2


[Thu Nov  5 12:00:14 2020]
rule bwa_map:
    input: /userdata/safal/data/ref_genome/masked/GRCh38.p13.genome_masked.fa.amb, /userdata/safal/data/ref_genome/masked/GRCh38.p13.genome_masked.fa.ann, /userdata/safal/data/ref_genome/masked/GRCh38.p13.genome_masked.fa.bwt, /userdata/safal/data/ref_genome/masked/GRCh38.p13.genome_masked.fa.pac, /userdata/safal/data/ref_genome/masked/GRCh38.p13.genome_masked.fa.sa, /userdata/safal/tutorial/pipeline/files/sonpaired_S3_R1_001.fastq, /userdata/safal/tutorial/pipeline/files/sonpaired_S3_R2_001.fastq
    output: result/alignment/sonpaired_S3_mapped.bam
    log: logs/bwa_mem/sonpaired_S3.log
    jobid: 17
    wildcards: sample=sonpaired_S3
    threads: 28

[Thu Nov  5 12:00:25 2020]
Finished job 2.
1 of 21 steps (5%) done
[Thu Nov  5 12:00:25 2020]
Finished job 1.
2 of 21 steps (10%) done
[Thu Nov  5 12:00:28 2020]
Finished job 17.
3 of 21 steps (14%) done

[Thu Nov  5 12:00:28 2020]
rule samtools_sort:
    input: result/alignment/sonpaired_S3_mapped.bam
    output: result/alignment/sonpaired_S3.bam
    log: logs/samtools_sort/sonpaired_S3.log
    jobid: 11
    wildcards: sample=sonpaired_S3
    threads: 4

[Thu Nov  5 12:00:28 2020]
Finished job 15.
4 of 21 steps (19%) done

[Thu Nov  5 12:00:28 2020]
rule samtools_sort:
    input: result/alignment/motherpaired_S2_mapped.bam
    output: result/alignment/motherpaired_S2.bam
    log: logs/samtools_sort/motherpaired_S2.log
    jobid: 9
    wildcards: sample=motherpaired_S2
    threads: 4

Removing temporary output file result/alignment/sonpaired_S3_mapped.bam.
[Thu Nov  5 12:00:28 2020]
Finished job 11.
5 of 21 steps (24%) done

[Thu Nov  5 12:00:28 2020]
rule samtools_index:
    input: result/alignment/sonpaired_S3.bam
    output: result/alignment/sonpaired_S3.bam.bai
    log: logs/samtools_index/sonpaired_S3.log
    jobid: 18
    wildcards: sample=sonpaired_S3
    threads: 4


[Thu Nov  5 12:00:28 2020]
rule depth:
    input: result/alignment/sonpaired_S3.bam
    output: result/report/depth/sonpaired_S3.mosdepth.summary.txt
    jobid: 6
    wildcards: sample=sonpaired_S3
    threads: 4

[Thu Nov  5 12:00:28 2020]
Finished job 18.
6 of 21 steps (29%) done
Removing temporary output file result/alignment/motherpaired_S2_mapped.bam.
[Thu Nov  5 12:00:28 2020]
Finished job 9.
7 of 21 steps (33%) done

[Thu Nov  5 12:00:28 2020]
rule mark_dup:
    input: result/alignment/sonpaired_S3.bam, result/alignment/sonpaired_S3.bam.bai
    output: result/mark_duplicates/sonpaired_S3.bam, result/mark_duplicates/sonpaired_S3_metrics.txt
    log: logs/mark_dup/sonpaired_S3.log
    jobid: 12
    wildcards: sample=sonpaired_S3


[Thu Nov  5 12:00:28 2020]
rule samtools_index:
    input: result/alignment/motherpaired_S2.bam
    output: result/alignment/motherpaired_S2.bam.bai
    log: logs/samtools_index/motherpaired_S2.log
    jobid: 16
    wildcards: sample=motherpaired_S2
    threads: 4


[Thu Nov  5 12:00:28 2020]
rule depth:
    input: result/alignment/motherpaired_S2.bam
    output: result/report/depth/motherpaired_S2.mosdepth.summary.txt
    jobid: 5
    wildcards: sample=motherpaired_S2
    threads: 4

[Thu Nov  5 12:00:28 2020]
Finished job 16.
8 of 21 steps (38%) done

[Thu Nov  5 12:00:28 2020]
rule mark_dup:
    input: result/alignment/motherpaired_S2.bam, result/alignment/motherpaired_S2.bam.bai
    output: result/mark_duplicates/motherpaired_S2.bam, result/mark_duplicates/motherpaired_S2_metrics.txt
    log: logs/mark_dup/motherpaired_S2.log
    jobid: 10
    wildcards: sample=motherpaired_S2

[Thu Nov  5 12:00:43 2020]
Finished job 10.
9 of 21 steps (43%) done

[Thu Nov  5 12:00:43 2020]
rule stats:
    input: result/alignment/motherpaired_S2.bam, result/mark_duplicates/motherpaired_S2.bam
    output: result/report/stats/motherpaired_S2_align.txt, result/report/stats/motherpaired_S2_markdup.txt
    jobid: 3
    wildcards: sample=motherpaired_S2
    threads: 4


[Thu Nov  5 12:00:43 2020]
rule bqsr:
    input: result/mark_duplicates/motherpaired_S2.bam, /userdata/safal/data/ref_genome/ref_dbsnp.vcf.idx, /userdata/safal/data/ref_genome/masked/GRCh38.p13.genome_masked.fa.amb, /userdata/safal/data/ref_genome/masked/GRCh38.p13.genome_masked.fa.ann, /userdata/safal/data/ref_genome/masked/GRCh38.p13.genome_masked.fa.bwt, /userdata/safal/data/ref_genome/masked/GRCh38.p13.genome_masked.fa.pac, /userdata/safal/data/ref_genome/masked/GRCh38.p13.genome_masked.fa.sa
    output: result/bqsr/motherpaired_S2_recal.table
    log: logs/bqsr/motherpaired_S2.log
    jobid: 19
    wildcards: sample=motherpaired_S2

[Thu Nov  5 12:00:43 2020]
Finished job 3.
10 of 21 steps (48%) done
[Thu Nov  5 12:00:43 2020]
Finished job 12.
11 of 21 steps (52%) done

[Thu Nov  5 12:00:43 2020]
rule bqsr:
    input: result/mark_duplicates/sonpaired_S3.bam, /userdata/safal/data/ref_genome/ref_dbsnp.vcf.idx, /userdata/safal/data/ref_genome/masked/GRCh38.p13.genome_masked.fa.amb, /userdata/safal/data/ref_genome/masked/GRCh38.p13.genome_masked.fa.ann, /userdata/safal/data/ref_genome/masked/GRCh38.p13.genome_masked.fa.bwt, /userdata/safal/data/ref_genome/masked/GRCh38.p13.genome_masked.fa.pac, /userdata/safal/data/ref_genome/masked/GRCh38.p13.genome_masked.fa.sa
    output: result/bqsr/sonpaired_S3_recal.table
    log: logs/bqsr/sonpaired_S3.log
    jobid: 20
    wildcards: sample=sonpaired_S3


[Thu Nov  5 12:00:43 2020]
rule stats:
    input: result/alignment/sonpaired_S3.bam, result/mark_duplicates/sonpaired_S3.bam
    output: result/report/stats/sonpaired_S3_align.txt, result/report/stats/sonpaired_S3_markdup.txt
    jobid: 4
    wildcards: sample=sonpaired_S3
    threads: 4

[Thu Nov  5 12:00:43 2020]
Finished job 4.
12 of 21 steps (57%) done
[Thu Nov  5 12:00:49 2020]
Finished job 20.
13 of 21 steps (62%) done

[Thu Nov  5 12:00:49 2020]
rule apply_bqsr:
    input: /userdata/safal/data/ref_genome/masked/GRCh38.p13.genome_masked.fa.amb, /userdata/safal/data/ref_genome/masked/GRCh38.p13.genome_masked.fa.ann, /userdata/safal/data/ref_genome/masked/GRCh38.p13.genome_masked.fa.bwt, /userdata/safal/data/ref_genome/masked/GRCh38.p13.genome_masked.fa.pac, /userdata/safal/data/ref_genome/masked/GRCh38.p13.genome_masked.fa.sa, result/mark_duplicates/sonpaired_S3.bam, result/bqsr/sonpaired_S3_recal.table
    output: result/bqsr/sonpaired_S3_bqsr_output.bam
    log: logs/apply_bqsr/sonpaired_S3.log
    jobid: 14
    wildcards: sample=sonpaired_S3

[Thu Nov  5 12:00:50 2020]
Finished job 19.
14 of 21 steps (67%) done

[Thu Nov  5 12:00:50 2020]
rule apply_bqsr:
    input: /userdata/safal/data/ref_genome/masked/GRCh38.p13.genome_masked.fa.amb, /userdata/safal/data/ref_genome/masked/GRCh38.p13.genome_masked.fa.ann, /userdata/safal/data/ref_genome/masked/GRCh38.p13.genome_masked.fa.bwt, /userdata/safal/data/ref_genome/masked/GRCh38.p13.genome_masked.fa.pac, /userdata/safal/data/ref_genome/masked/GRCh38.p13.genome_masked.fa.sa, result/mark_duplicates/motherpaired_S2.bam, result/bqsr/motherpaired_S2_recal.table
    output: result/bqsr/motherpaired_S2_bqsr_output.bam
    log: logs/apply_bqsr/motherpaired_S2.log
    jobid: 13
    wildcards: sample=motherpaired_S2

[Thu Nov  5 12:00:52 2020]
Finished job 6.
15 of 21 steps (71%) done
[Thu Nov  5 12:00:54 2020]
Finished job 14.
16 of 21 steps (76%) done

[Thu Nov  5 12:00:54 2020]
rule haplotype_caller:
    input: /userdata/safal/data/ref_genome/masked/GRCh38.p13.genome_masked.fa.amb, /userdata/safal/data/ref_genome/masked/GRCh38.p13.genome_masked.fa.ann, /userdata/safal/data/ref_genome/masked/GRCh38.p13.genome_masked.fa.bwt, /userdata/safal/data/ref_genome/masked/GRCh38.p13.genome_masked.fa.pac, /userdata/safal/data/ref_genome/masked/GRCh38.p13.genome_masked.fa.sa, result/bqsr/sonpaired_S3_bqsr_output.bam, interval.bed
    output: result/variant/sonpaired_S3_autosomes.g.vcf.gz
    log: logs/haplotype_caller/sonpaired_S3.log
    jobid: 8
    wildcards: sample=sonpaired_S3

[Thu Nov  5 12:00:54 2020]
Finished job 13.
17 of 21 steps (81%) done

[Thu Nov  5 12:00:54 2020]
rule haplotype_caller:
    input: /userdata/safal/data/ref_genome/masked/GRCh38.p13.genome_masked.fa.amb, /userdata/safal/data/ref_genome/masked/GRCh38.p13.genome_masked.fa.ann, /userdata/safal/data/ref_genome/masked/GRCh38.p13.genome_masked.fa.bwt, /userdata/safal/data/ref_genome/masked/GRCh38.p13.genome_masked.fa.pac, /userdata/safal/data/ref_genome/masked/GRCh38.p13.genome_masked.fa.sa, result/bqsr/motherpaired_S2_bqsr_output.bam, interval.bed
    output: result/variant/motherpaired_S2_autosomes.g.vcf.gz
    log: logs/haplotype_caller/motherpaired_S2.log
    jobid: 7
    wildcards: sample=motherpaired_S2

[Thu Nov  5 12:01:00 2020]
Finished job 5.
18 of 21 steps (86%) done
[Thu Nov  5 12:26:55 2020]
Finished job 8.
19 of 21 steps (90%) done
[Thu Nov  5 12:27:03 2020]
Finished job 7.
20 of 21 steps (95%) done

[Thu Nov  5 12:27:03 2020]
localrule all:
    input: result/fastqc/motherpaired_S2_R1_001_fastqc.html, result/fastqc/sonpaired_S3_R1_001_fastqc.html, result/fastqc/motherpaired_S2_R2_001_fastqc.html, result/fastqc/sonpaired_S3_R2_001_fastqc.html, result/report/stats/motherpaired_S2_align.txt, result/report/stats/sonpaired_S3_align.txt, result/report/stats/motherpaired_S2_markdup.txt, result/report/stats/sonpaired_S3_markdup.txt, result/report/depth/motherpaired_S2.mosdepth.summary.txt, result/report/depth/sonpaired_S3.mosdepth.summary.txt, result/variant/motherpaired_S2_autosomes.g.vcf.gz, result/variant/sonpaired_S3_autosomes.g.vcf.gz
    jobid: 0

[Thu Nov  5 12:27:03 2020]
Finished job 0.
21 of 21 steps (100%) done
Complete log: /userdata/safal/tutorial/pipeline/new/.snakemake/log/2020-11-05T120013.404126.snakemake.log
