Building DAG of jobs...
Using shell: /usr/bin/bash
Provided cores: 64
Rules claiming more threads will be scaled down.
Job counts:
	count	jobs
	1	all
	2	apply_bqsr
	2	bqsr
	2	haplotype_caller
	7

[Tue Nov  3 14:23:18 2020]
rule bqsr:
    input: mark_duplicates/sonpaired_S3.bam, /userdata/safal/data/ref_genome/ref_dbsnp.vcf.idx, /userdata/safal/data/ref_genome/masked/GRCh38.p13.genome_masked.fa.amb, /userdata/safal/data/ref_genome/masked/GRCh38.p13.genome_masked.fa.ann, /userdata/safal/data/ref_genome/masked/GRCh38.p13.genome_masked.fa.bwt, /userdata/safal/data/ref_genome/masked/GRCh38.p13.genome_masked.fa.pac, /userdata/safal/data/ref_genome/masked/GRCh38.p13.genome_masked.fa.sa
    output: bqsr/sonpaired_S3_recal.table
    log: logs/bqsr/sonpaired_S3.log
    jobid: 8
    wildcards: sample=sonpaired_S3


[Tue Nov  3 14:23:18 2020]
rule bqsr:
    input: mark_duplicates/motherpaired_S2.bam, /userdata/safal/data/ref_genome/ref_dbsnp.vcf.idx, /userdata/safal/data/ref_genome/masked/GRCh38.p13.genome_masked.fa.amb, /userdata/safal/data/ref_genome/masked/GRCh38.p13.genome_masked.fa.ann, /userdata/safal/data/ref_genome/masked/GRCh38.p13.genome_masked.fa.bwt, /userdata/safal/data/ref_genome/masked/GRCh38.p13.genome_masked.fa.pac, /userdata/safal/data/ref_genome/masked/GRCh38.p13.genome_masked.fa.sa
    output: bqsr/motherpaired_S2_recal.table
    log: logs/bqsr/motherpaired_S2.log
    jobid: 6
    wildcards: sample=motherpaired_S2

[Tue Nov  3 14:23:23 2020]
Finished job 8.
1 of 7 steps (14%) done

[Tue Nov  3 14:23:23 2020]
rule apply_bqsr:
    input: /userdata/safal/data/ref_genome/masked/GRCh38.p13.genome_masked.fa.amb, /userdata/safal/data/ref_genome/masked/GRCh38.p13.genome_masked.fa.ann, /userdata/safal/data/ref_genome/masked/GRCh38.p13.genome_masked.fa.bwt, /userdata/safal/data/ref_genome/masked/GRCh38.p13.genome_masked.fa.pac, /userdata/safal/data/ref_genome/masked/GRCh38.p13.genome_masked.fa.sa, mark_duplicates/sonpaired_S3.bam, bqsr/sonpaired_S3_recal.table
    output: bqsr/sonpaired_S3_bqsr_output.bam
    log: logs/apply_bqsr/sonpaired_S3.log
    jobid: 4
    wildcards: sample=sonpaired_S3

[Tue Nov  3 14:23:24 2020]
Finished job 6.
2 of 7 steps (29%) done

[Tue Nov  3 14:23:24 2020]
rule apply_bqsr:
    input: /userdata/safal/data/ref_genome/masked/GRCh38.p13.genome_masked.fa.amb, /userdata/safal/data/ref_genome/masked/GRCh38.p13.genome_masked.fa.ann, /userdata/safal/data/ref_genome/masked/GRCh38.p13.genome_masked.fa.bwt, /userdata/safal/data/ref_genome/masked/GRCh38.p13.genome_masked.fa.pac, /userdata/safal/data/ref_genome/masked/GRCh38.p13.genome_masked.fa.sa, mark_duplicates/motherpaired_S2.bam, bqsr/motherpaired_S2_recal.table
    output: bqsr/motherpaired_S2_bqsr_output.bam
    log: logs/apply_bqsr/motherpaired_S2.log
    jobid: 3
    wildcards: sample=motherpaired_S2

[Tue Nov  3 14:23:28 2020]
Finished job 4.
3 of 7 steps (43%) done

[Tue Nov  3 14:23:28 2020]
rule haplotype_caller:
    input: /userdata/safal/data/ref_genome/masked/GRCh38.p13.genome_masked.fa.amb, /userdata/safal/data/ref_genome/masked/GRCh38.p13.genome_masked.fa.ann, /userdata/safal/data/ref_genome/masked/GRCh38.p13.genome_masked.fa.bwt, /userdata/safal/data/ref_genome/masked/GRCh38.p13.genome_masked.fa.pac, /userdata/safal/data/ref_genome/masked/GRCh38.p13.genome_masked.fa.sa, bqsr/sonpaired_S3_bqsr_output.bam, /userdata/safal/sample_SR/interval.bed
    output: variant/sonpaired_S3_autosomes.g.vcf.gz
    log: logs/haplotype_caller/sonpaired_S3.log
    jobid: 2
    wildcards: sample=sonpaired_S3

[Tue Nov  3 14:23:28 2020]
Finished job 3.
4 of 7 steps (57%) done

[Tue Nov  3 14:23:28 2020]
rule haplotype_caller:
    input: /userdata/safal/data/ref_genome/masked/GRCh38.p13.genome_masked.fa.amb, /userdata/safal/data/ref_genome/masked/GRCh38.p13.genome_masked.fa.ann, /userdata/safal/data/ref_genome/masked/GRCh38.p13.genome_masked.fa.bwt, /userdata/safal/data/ref_genome/masked/GRCh38.p13.genome_masked.fa.pac, /userdata/safal/data/ref_genome/masked/GRCh38.p13.genome_masked.fa.sa, bqsr/motherpaired_S2_bqsr_output.bam, /userdata/safal/sample_SR/interval.bed
    output: variant/motherpaired_S2_autosomes.g.vcf.gz
    log: logs/haplotype_caller/motherpaired_S2.log
    jobid: 1
    wildcards: sample=motherpaired_S2

