Building DAG of jobs...
Using shell: /usr/bin/bash
Provided cluster nodes: 64
Job counts:
	count	jobs
	1	all
	2	apply_bqsr
	2	bqsr
	2	bwa_map
	2	haplotype_caller
	2	mark_dup
	2	samtools_index
	2	samtools_sort
	15

[Tue Nov  3 17:03:25 2020]
rule bwa_map:
    input: /userdata/safal/data/ref_genome/masked/GRCh38.p13.genome_masked.fa.amb, /userdata/safal/data/ref_genome/masked/GRCh38.p13.genome_masked.fa.ann, /userdata/safal/data/ref_genome/masked/GRCh38.p13.genome_masked.fa.bwt, /userdata/safal/data/ref_genome/masked/GRCh38.p13.genome_masked.fa.pac, /userdata/safal/data/ref_genome/masked/GRCh38.p13.genome_masked.fa.sa, /userdata/safal/tutorial/pipeline/files/sonpaired_S3_R1_001.fastq, /userdata/safal/tutorial/pipeline/files/sonpaired_S3_R2_001.fastq
    output: result/alignment/sonpaired_S3_mapped.bam
    log: logs/bwa_mem/sonpaired_S3.log
    jobid: 14
    wildcards: sample=sonpaired_S3
    threads: 28

Submitted job 14 with external jobid 'Your job 4766 ("snakejob.bwa_map.14.sh") has been submitted'.

[Tue Nov  3 17:03:25 2020]
rule bwa_map:
    input: /userdata/safal/data/ref_genome/masked/GRCh38.p13.genome_masked.fa.amb, /userdata/safal/data/ref_genome/masked/GRCh38.p13.genome_masked.fa.ann, /userdata/safal/data/ref_genome/masked/GRCh38.p13.genome_masked.fa.bwt, /userdata/safal/data/ref_genome/masked/GRCh38.p13.genome_masked.fa.pac, /userdata/safal/data/ref_genome/masked/GRCh38.p13.genome_masked.fa.sa, /userdata/safal/tutorial/pipeline/files/motherpaired_S2_R1_001.fastq, /userdata/safal/tutorial/pipeline/files/motherpaired_S2_R2_001.fastq
    output: result/alignment/motherpaired_S2_mapped.bam
    log: logs/bwa_mem/motherpaired_S2.log
    jobid: 13
    wildcards: sample=motherpaired_S2
    threads: 28

Submitted job 13 with external jobid 'Your job 4767 ("snakejob.bwa_map.13.sh") has been submitted'.
[Tue Nov  3 17:03:35 2020]
Error in rule bwa_map:
    jobid: 14
    output: result/alignment/sonpaired_S3_mapped.bam
    log: logs/bwa_mem/sonpaired_S3.log (check log file(s) for error message)
    shell:
        bwa mem /userdata/safal/data/ref_genome/masked/GRCh38.p13.genome_masked.fa -R '@RG\tID:FLOWCELL1.LANE1\tPL:ILLUMINA\tLB:Batch1\tSM:sonpaired_S3' -t 28 /userdata/safal/tutorial/pipeline/files/sonpaired_S3_R1_001.fastq /userdata/safal/tutorial/pipeline/files/sonpaired_S3_R2_001.fastq | samtools view -Sb - > result/alignment/sonpaired_S3_mapped.bam 2>logs/bwa_mem/sonpaired_S3.log
        (one of the commands exited with non-zero exit code; note that snakemake uses bash strict mode!)
    cluster_jobid: Your job 4766 ("snakejob.bwa_map.14.sh") has been submitted

Error executing rule bwa_map on cluster (jobid: 14, external: Your job 4766 ("snakejob.bwa_map.14.sh") has been submitted, jobscript: /userdata/safal/tutorial/pipeline/new/.snakemake/tmp.da_yuc05/snakejob.bwa_map.14.sh). For error details see the cluster log and the log files of the involved rule(s).
[Tue Nov  3 17:03:35 2020]
Error in rule bwa_map:
    jobid: 13
    output: result/alignment/motherpaired_S2_mapped.bam
    log: logs/bwa_mem/motherpaired_S2.log (check log file(s) for error message)
    shell:
        bwa mem /userdata/safal/data/ref_genome/masked/GRCh38.p13.genome_masked.fa -R '@RG\tID:FLOWCELL1.LANE1\tPL:ILLUMINA\tLB:Batch1\tSM:motherpaired_S2' -t 28 /userdata/safal/tutorial/pipeline/files/motherpaired_S2_R1_001.fastq /userdata/safal/tutorial/pipeline/files/motherpaired_S2_R2_001.fastq | samtools view -Sb - > result/alignment/motherpaired_S2_mapped.bam 2>logs/bwa_mem/motherpaired_S2.log
        (one of the commands exited with non-zero exit code; note that snakemake uses bash strict mode!)
    cluster_jobid: Your job 4767 ("snakejob.bwa_map.13.sh") has been submitted

Error executing rule bwa_map on cluster (jobid: 13, external: Your job 4767 ("snakejob.bwa_map.13.sh") has been submitted, jobscript: /userdata/safal/tutorial/pipeline/new/.snakemake/tmp.da_yuc05/snakejob.bwa_map.13.sh). For error details see the cluster log and the log files of the involved rule(s).
Shutting down, this might take some time.
Exiting because a job execution failed. Look above for error message
Complete log: /userdata/safal/tutorial/pipeline/new/.snakemake/log/2020-11-03T170325.126025.snakemake.log
